[0.000000] (-) TimerEvent: {}
[0.002246] (mavlink) JobQueued: {'identifier': 'mavlink', 'dependencies': OrderedDict()}
[0.002794] (mavros_msgs) JobQueued: {'identifier': 'mavros_msgs', 'dependencies': OrderedDict()}
[0.003079] (libmavconn) JobQueued: {'identifier': 'libmavconn', 'dependencies': OrderedDict([('mavlink', '/home/lowlevel/mavros2_ws/install/mavlink')])}
[0.003306] (mavros) JobQueued: {'identifier': 'mavros', 'dependencies': OrderedDict([('mavlink', '/home/lowlevel/mavros2_ws/install/mavlink'), ('mavros_msgs', '/home/lowlevel/mavros2_ws/install/mavros_msgs'), ('libmavconn', '/home/lowlevel/mavros2_ws/install/libmavconn')])}
[0.003552] (mavros_extras) JobQueued: {'identifier': 'mavros_extras', 'dependencies': OrderedDict([('mavlink', '/home/lowlevel/mavros2_ws/install/mavlink'), ('mavros_msgs', '/home/lowlevel/mavros2_ws/install/mavros_msgs'), ('libmavconn', '/home/lowlevel/mavros2_ws/install/libmavconn'), ('mavros', '/home/lowlevel/mavros2_ws/install/mavros')])}
[0.003868] (mavlink) JobStarted: {'identifier': 'mavlink'}
[0.031626] (mavros_msgs) JobStarted: {'identifier': 'mavros_msgs'}
[0.069210] (mavlink) JobProgress: {'identifier': 'mavlink', 'progress': 'cmake'}
[0.073548] (mavlink) JobProgress: {'identifier': 'mavlink', 'progress': 'build'}
[0.076642] (mavlink) Command: {'cmd': ['/usr/bin/cmake', '--build', '/home/lowlevel/mavros2_ws/build/mavlink', '--', '-j4', '-l4'], 'cwd': '/home/lowlevel/mavros2_ws/build/mavlink', 'env': OrderedDict([('SUDO_GID', '1000'), ('MAIL', '/var/mail/root'), ('USER', 'root'), ('SHLVL', '1'), ('LD_LIBRARY_PATH', '/opt/ros/foxy/opt/yaml_cpp_vendor/lib:/opt/ros/foxy/opt/rviz_ogre_vendor/lib:/opt/ros/foxy/lib/aarch64-linux-gnu:/opt/ros/foxy/lib'), ('HOME', '/root'), ('ROS_PYTHON_VERSION', '3'), ('COLORTERM', 'truecolor'), ('SUDO_UID', '1000'), ('ROS_DISTRO', 'foxy'), ('LOGNAME', 'root'), ('_', '/usr/bin/colcon'), ('ROS_VERSION', '2'), ('TERM', 'xterm-256color'), ('ROS_LOCALHOST_ONLY', '0'), ('PATH', '/opt/ros/foxy/bin:/usr/local/sbin:/usr/local/bin:/usr/sbin:/usr/bin:/sbin:/bin:/snap/bin'), ('DISPLAY', ':1'), ('LANG', 'en_US.UTF-8'), ('XAUTHORITY', '/run/user/1000/gdm/Xauthority'), ('LS_COLORS', 'rs=0:di=01;34:ln=01;36:mh=00:pi=40;33:so=01;35:do=01;35:bd=40;33;01:cd=40;33;01:or=40;31;01:mi=00:su=37;41:sg=30;43:ca=30;41:tw=30;42:ow=34;42:st=37;44:ex=01;32:*.tar=01;31:*.tgz=01;31:*.arc=01;31:*.arj=01;31:*.taz=01;31:*.lha=01;31:*.lz4=01;31:*.lzh=01;31:*.lzma=01;31:*.tlz=01;31:*.txz=01;31:*.tzo=01;31:*.t7z=01;31:*.zip=01;31:*.z=01;31:*.dz=01;31:*.gz=01;31:*.lrz=01;31:*.lz=01;31:*.lzo=01;31:*.xz=01;31:*.zst=01;31:*.tzst=01;31:*.bz2=01;31:*.bz=01;31:*.tbz=01;31:*.tbz2=01;31:*.tz=01;31:*.deb=01;31:*.rpm=01;31:*.jar=01;31:*.war=01;31:*.ear=01;31:*.sar=01;31:*.rar=01;31:*.alz=01;31:*.ace=01;31:*.zoo=01;31:*.cpio=01;31:*.7z=01;31:*.rz=01;31:*.cab=01;31:*.wim=01;31:*.swm=01;31:*.dwm=01;31:*.esd=01;31:*.jpg=01;35:*.jpeg=01;35:*.mjpg=01;35:*.mjpeg=01;35:*.gif=01;35:*.bmp=01;35:*.pbm=01;35:*.pgm=01;35:*.ppm=01;35:*.tga=01;35:*.xbm=01;35:*.xpm=01;35:*.tif=01;35:*.tiff=01;35:*.png=01;35:*.svg=01;35:*.svgz=01;35:*.mng=01;35:*.pcx=01;35:*.mov=01;35:*.mpg=01;35:*.mpeg=01;35:*.m2v=01;35:*.mkv=01;35:*.webm=01;35:*.ogm=01;35:*.mp4=01;35:*.m4v=01;35:*.mp4v=01;35:*.vob=01;35:*.qt=01;35:*.nuv=01;35:*.wmv=01;35:*.asf=01;35:*.rm=01;35:*.rmvb=01;35:*.flc=01;35:*.avi=01;35:*.fli=01;35:*.flv=01;35:*.gl=01;35:*.dl=01;35:*.xcf=01;35:*.xwd=01;35:*.yuv=01;35:*.cgm=01;35:*.emf=01;35:*.ogv=01;35:*.ogx=01;35:*.aac=00;36:*.au=00;36:*.flac=00;36:*.m4a=00;36:*.mid=00;36:*.midi=00;36:*.mka=00;36:*.mp3=00;36:*.mpc=00;36:*.ogg=00;36:*.ra=00;36:*.wav=00;36:*.oga=00;36:*.opus=00;36:*.spx=00;36:*.xspf=00;36:'), ('SUDO_COMMAND', './mavros2_install.sh'), ('AMENT_PREFIX_PATH', '/opt/ros/foxy'), ('SHELL', '/bin/bash'), ('SUDO_USER', 'lowlevel'), ('PWD', '/home/lowlevel/mavros2_ws/build/mavlink'), ('PYTHONPATH', '/opt/ros/foxy/lib/python3.8/site-packages'), ('COLCON', '1'), ('CMAKE_PREFIX_PATH', '/opt/ros/foxy')]), 'shell': False}
[0.098917] (mavros_msgs) JobProgress: {'identifier': 'mavros_msgs', 'progress': 'cmake'}
[0.099330] (-) TimerEvent: {}
[0.100945] (mavros_msgs) Command: {'cmd': ['/usr/bin/cmake', '/home/lowlevel/mavros2_ws/src/mavros/mavros_msgs', '-DCMAKE_INSTALL_PREFIX=/home/lowlevel/mavros2_ws/install/mavros_msgs'], 'cwd': '/home/lowlevel/mavros2_ws/build/mavros_msgs', 'env': OrderedDict([('SUDO_GID', '1000'), ('MAIL', '/var/mail/root'), ('USER', 'root'), ('SHLVL', '1'), ('LD_LIBRARY_PATH', '/opt/ros/foxy/opt/yaml_cpp_vendor/lib:/opt/ros/foxy/opt/rviz_ogre_vendor/lib:/opt/ros/foxy/lib/aarch64-linux-gnu:/opt/ros/foxy/lib'), ('HOME', '/root'), ('ROS_PYTHON_VERSION', '3'), ('COLORTERM', 'truecolor'), ('SUDO_UID', '1000'), ('ROS_DISTRO', 'foxy'), ('LOGNAME', 'root'), ('_', '/usr/bin/colcon'), ('ROS_VERSION', '2'), ('TERM', 'xterm-256color'), ('ROS_LOCALHOST_ONLY', '0'), ('PATH', '/opt/ros/foxy/bin:/usr/local/sbin:/usr/local/bin:/usr/sbin:/usr/bin:/sbin:/bin:/snap/bin'), ('DISPLAY', ':1'), ('LANG', 'en_US.UTF-8'), ('XAUTHORITY', '/run/user/1000/gdm/Xauthority'), ('LS_COLORS', 'rs=0:di=01;34:ln=01;36:mh=00:pi=40;33:so=01;35:do=01;35:bd=40;33;01:cd=40;33;01:or=40;31;01:mi=00:su=37;41:sg=30;43:ca=30;41:tw=30;42:ow=34;42:st=37;44:ex=01;32:*.tar=01;31:*.tgz=01;31:*.arc=01;31:*.arj=01;31:*.taz=01;31:*.lha=01;31:*.lz4=01;31:*.lzh=01;31:*.lzma=01;31:*.tlz=01;31:*.txz=01;31:*.tzo=01;31:*.t7z=01;31:*.zip=01;31:*.z=01;31:*.dz=01;31:*.gz=01;31:*.lrz=01;31:*.lz=01;31:*.lzo=01;31:*.xz=01;31:*.zst=01;31:*.tzst=01;31:*.bz2=01;31:*.bz=01;31:*.tbz=01;31:*.tbz2=01;31:*.tz=01;31:*.deb=01;31:*.rpm=01;31:*.jar=01;31:*.war=01;31:*.ear=01;31:*.sar=01;31:*.rar=01;31:*.alz=01;31:*.ace=01;31:*.zoo=01;31:*.cpio=01;31:*.7z=01;31:*.rz=01;31:*.cab=01;31:*.wim=01;31:*.swm=01;31:*.dwm=01;31:*.esd=01;31:*.jpg=01;35:*.jpeg=01;35:*.mjpg=01;35:*.mjpeg=01;35:*.gif=01;35:*.bmp=01;35:*.pbm=01;35:*.pgm=01;35:*.ppm=01;35:*.tga=01;35:*.xbm=01;35:*.xpm=01;35:*.tif=01;35:*.tiff=01;35:*.png=01;35:*.svg=01;35:*.svgz=01;35:*.mng=01;35:*.pcx=01;35:*.mov=01;35:*.mpg=01;35:*.mpeg=01;35:*.m2v=01;35:*.mkv=01;35:*.webm=01;35:*.ogm=01;35:*.mp4=01;35:*.m4v=01;35:*.mp4v=01;35:*.vob=01;35:*.qt=01;35:*.nuv=01;35:*.wmv=01;35:*.asf=01;35:*.rm=01;35:*.rmvb=01;35:*.flc=01;35:*.avi=01;35:*.fli=01;35:*.flv=01;35:*.gl=01;35:*.dl=01;35:*.xcf=01;35:*.xwd=01;35:*.yuv=01;35:*.cgm=01;35:*.emf=01;35:*.ogv=01;35:*.ogx=01;35:*.aac=00;36:*.au=00;36:*.flac=00;36:*.m4a=00;36:*.mid=00;36:*.midi=00;36:*.mka=00;36:*.mp3=00;36:*.mpc=00;36:*.ogg=00;36:*.ra=00;36:*.wav=00;36:*.oga=00;36:*.opus=00;36:*.spx=00;36:*.xspf=00;36:'), ('SUDO_COMMAND', './mavros2_install.sh'), ('AMENT_PREFIX_PATH', '/opt/ros/foxy'), ('SHELL', '/bin/bash'), ('SUDO_USER', 'lowlevel'), ('PWD', '/home/lowlevel/mavros2_ws/build/mavros_msgs'), ('PYTHONPATH', '/opt/ros/foxy/lib/python3.8/site-packages'), ('COLCON', '1'), ('CMAKE_PREFIX_PATH', '/opt/ros/foxy')]), 'shell': False}
[0.199785] (-) TimerEvent: {}
[0.297162] (mavlink) StdoutLine: {'line': b'[  3%] Built target csAirLink.xml-v1.0\n'}
[0.299943] (-) TimerEvent: {}
[0.305930] (mavlink) StdoutLine: {'line': b'[  6%] Built target icarous.xml-v1.0\n'}
[0.314239] (mavlink) StdoutLine: {'line': b'[ 10%] Built target ualberta.xml-v2.0\n'}
[0.330875] (mavlink) StdoutLine: {'line': b'[ 13%] Built target cubepilot.xml-v2.0\n'}
[0.385889] (mavros_msgs) StdoutLine: {'line': b'-- The C compiler identification is GNU 9.4.0\n'}
[0.400252] (-) TimerEvent: {}
[0.407135] (mavlink) StdoutLine: {'line': b'[ 20%] Built target ualberta.xml-v1.0\n'}
[0.407898] (mavlink) StdoutLine: {'line': b'[ 20%] Built target storm32.xml-v1.0\n'}
[0.453206] (mavlink) StdoutLine: {'line': b'[ 23%] Built target uAvionix.xml-v1.0\n'}
[0.454273] (mavlink) StdoutLine: {'line': b'[ 26%] Built target paparazzi.xml-v2.0\n'}
[0.497706] (mavlink) StdoutLine: {'line': b'[ 30%] Built target paparazzi.xml-v1.0\n'}
[0.500537] (-) TimerEvent: {}
[0.538585] (mavlink) StdoutLine: {'line': b'[ 33%] Built target standard.xml-v1.0\n'}
[0.544581] (mavlink) StdoutLine: {'line': b'[ 36%] Built target cubepilot.xml-v1.0\n'}
[0.585267] (mavlink) StdoutLine: {'line': b'[ 40%] Built target uAvionix.xml-v2.0\n'}
[0.591287] (mavlink) StdoutLine: {'line': b'[ 43%] Built target all.xml-v1.0\n'}
[0.600810] (-) TimerEvent: {}
[0.634086] (mavlink) StdoutLine: {'line': b'[ 46%] Built target ardupilotmega.xml-v1.0\n'}
[0.662520] (mavlink) StdoutLine: {'line': b'[ 50%] Built target all.xml-v2.0\n'}
[0.683927] (mavlink) StdoutLine: {'line': b'[ 53%] Built target icarous.xml-v2.0\n'}
[0.708655] (-) TimerEvent: {}
[0.712115] (mavros_msgs) StdoutLine: {'line': b'-- The CXX compiler identification is GNU 9.4.0\n'}
[0.728378] (mavlink) StdoutLine: {'line': b'[ 56%] Built target storm32.xml-v2.0\n'}
[0.744411] (mavlink) StdoutLine: {'line': b'[ 60%] Built target development.xml-v1.0\n'}
[0.753849] (mavros_msgs) StdoutLine: {'line': b'-- Check for working C compiler: /usr/bin/cc\n'}
[0.755632] (mavlink) StdoutLine: {'line': b'[ 63%] Built target ASLUAV.xml-v1.0\n'}
[0.778066] (mavlink) StdoutLine: {'line': b'[ 66%] Built target AVSSUAS.xml-v2.0\n'}
[0.808924] (-) TimerEvent: {}
[0.843065] (mavlink) StdoutLine: {'line': b'[ 70%] Built target common.xml-v1.0\n'}
[0.846642] (mavlink) StdoutLine: {'line': b'[ 73%] Built target standard.xml-v2.0\n'}
[0.882291] (mavlink) StdoutLine: {'line': b'[ 76%] Built target ASLUAV.xml-v2.0\n'}
[0.886045] (mavlink) StdoutLine: {'line': b'[ 80%] Built target ardupilotmega.xml-v2.0\n'}
[0.909219] (-) TimerEvent: {}
[0.939232] (mavlink) StdoutLine: {'line': b'[ 83%] Built target matrixpilot.xml-v1.0\n'}
[0.977854] (mavlink) StdoutLine: {'line': b'[ 86%] \x1b[34m\x1b[1mGenerating development-v2.0-cxx-stamp\x1b[0m\n'}
[0.981030] (mavlink) StdoutLine: {'line': b'[ 90%] Built target AVSSUAS.xml-v1.0\n'}
[0.981827] (mavlink) StdoutLine: {'line': b'[ 93%] Built target csAirLink.xml-v2.0\n'}
[1.009455] (-) TimerEvent: {}
[1.039042] (mavlink) StdoutLine: {'line': b'[ 96%] \x1b[34m\x1b[1mGenerating matrixpilot-v2.0-cxx-stamp\x1b[0m\n'}
[1.109730] (-) TimerEvent: {}
[1.119554] (mavros_msgs) StdoutLine: {'line': b'-- Check for working C compiler: /usr/bin/cc -- works\n'}
[1.125676] (mavros_msgs) StdoutLine: {'line': b'-- Detecting C compiler ABI info\n'}
[1.178015] (mavlink) StdoutLine: {'line': b'Validation skipped for /home/lowlevel/mavros2_ws/src/mavlink/message_definitions/v1.0/development.xml.\n'}
[1.178734] (mavlink) StderrLine: {'line': b'WARNING: Failed to import lxml module etree. Are lxml, libxml2 and libxslt installed? XML validation will not be performed\n'}
[1.179261] (mavlink) StdoutLine: {'line': b'Parsing /home/lowlevel/mavros2_ws/src/mavlink/message_definitions/v1.0/development.xml\n'}
[1.194607] (mavlink) StdoutLine: {'line': b'Validation skipped for /home/lowlevel/mavros2_ws/src/mavlink/message_definitions/v1.0/common.xml.\n'}
[1.195267] (mavlink) StdoutLine: {'line': b'Parsing /home/lowlevel/mavros2_ws/src/mavlink/message_definitions/v1.0/common.xml\n'}
[1.209982] (-) TimerEvent: {}
[1.219612] (mavlink) StderrLine: {'line': b'WARNING: Failed to import lxml module etree. Are lxml, libxml2 and libxslt installed? XML validation will not be performed\n'}
[1.220406] (mavlink) StdoutLine: {'line': b'Validation skipped for /home/lowlevel/mavros2_ws/src/mavlink/message_definitions/v1.0/matrixpilot.xml.\n'}
[1.220820] (mavlink) StdoutLine: {'line': b'Parsing /home/lowlevel/mavros2_ws/src/mavlink/message_definitions/v1.0/matrixpilot.xml\n'}
[1.237183] (mavlink) StdoutLine: {'line': b'Validation skipped for /home/lowlevel/mavros2_ws/src/mavlink/message_definitions/v1.0/common.xml.\n'}
[1.237894] (mavlink) StdoutLine: {'line': b'Parsing /home/lowlevel/mavros2_ws/src/mavlink/message_definitions/v1.0/common.xml\n'}
[1.269570] (mavlink) StderrLine: {'line': b'Traceback (most recent call last):\n'}
[1.270200] (mavlink) StderrLine: {'line': b'  File "/home/lowlevel/mavros2_ws/src/mavlink/pymavlink/tools/mavgen.py", line 31, in <module>\n'}
[1.271994] (mavlink) StderrLine: {'line': b'Traceback (most recent call last):\n'}
[1.272514] (mavlink) StderrLine: {'line': b'  File "/home/lowlevel/mavros2_ws/src/mavlink/pymavlink/tools/mavgen.py", line 31, in <module>\n'}
[1.272818] (mavlink) StderrLine: {'line': b'    mavgen.mavgen(args, args.definitions)\n'}
[1.273094] (mavlink) StderrLine: {'line': b'  File "/home/lowlevel/mavros2_ws/src/mavlink/pymavlink/generator/mavgen.py", line 243, in mavgen\n'}
[1.273404] (mavlink) StderrLine: {'line': b'    mavgen.mavgen(args, args.definitions)\n'}
[1.273656] (mavlink) StderrLine: {'line': b'  File "/home/lowlevel/mavros2_ws/src/mavlink/pymavlink/generator/mavgen.py", line 243, in mavgen\n'}
[1.273942] (mavlink) StderrLine: {'line': b'    if not expand_includes():\n'}
[1.274179] (mavlink) StderrLine: {'line': b'  File "/home/lowlevel/mavros2_ws/src/mavlink/pymavlink/generator/mavgen.py", line 116, in expand_includes\n'}
[1.274413] (mavlink) StderrLine: {'line': b'    if not expand_includes():\n'}
[1.274640] (mavlink) StderrLine: {'line': b'  File "/home/lowlevel/mavros2_ws/src/mavlink/pymavlink/generator/mavgen.py", line 116, in expand_includes\n'}
[1.274871] (mavlink) StderrLine: {'line': b'    if not expand_oneiteration():\n'}
[1.275137] (mavlink) StderrLine: {'line': b'  File "/home/lowlevel/mavros2_ws/src/mavlink/pymavlink/generator/mavgen.py", line 110, in expand_oneiteration\n'}
[1.275386] (mavlink) StderrLine: {'line': b'    if not expand_oneiteration():\n'}
[1.275623] (mavlink) StderrLine: {'line': b'  File "/home/lowlevel/mavros2_ws/src/mavlink/pymavlink/generator/mavgen.py", line 110, in expand_oneiteration\n'}
[1.275861] (mavlink) StderrLine: {'line': b'    xml.append(mavparse.MAVXML(fname, opts.wire_protocol))\n'}
[1.276101] (mavlink) StderrLine: {'line': b'  File "/home/lowlevel/mavros2_ws/src/mavlink/pymavlink/generator/mavparse.py", line 334, in __init__\n'}
[1.278594] (mavlink) StderrLine: {'line': b'    xml.append(mavparse.MAVXML(fname, opts.wire_protocol))\n'}
[1.281665] (mavlink) StderrLine: {'line': b'  File "/home/lowlevel/mavros2_ws/src/mavlink/pymavlink/generator/mavparse.py", line 334, in __init__\n'}
[1.282713] (mavlink) StderrLine: {'line': b'    p.ParseFile(f)\n'}
[1.283521] (mavlink) StderrLine: {'line': b'  File "../Modules/pyexpat.c", line 459, in EndElement\n'}
[1.283959] (mavlink) StderrLine: {'line': b'    p.ParseFile(f)\n'}
[1.288647] (mavlink) StderrLine: {'line': b'  File "../Modules/pyexpat.c", line 407, in StartElement\n'}
[1.290613] (mavlink) StderrLine: {'line': b'  File "/home/lowlevel/mavros2_ws/src/mavlink/pymavlink/generator/mavparse.py", line 308, in end_element\n'}
[1.291150] (mavlink) StderrLine: {'line': b'    def end_element(name):\n'}
[1.291683] (mavlink) StderrLine: {'line': b'  File "/home/lowlevel/mavros2_ws/src/mavlink/pymavlink/generator/mavparse.py", line 271, in start_element\n'}
[1.292055] (mavlink) StderrLine: {'line': b"    value = eval(attrs['value'])\n"}
[1.292425] (mavlink) StderrLine: {'line': b'  File "<string>", line 1, in <module>\n'}
[1.292719] (mavlink) StderrLine: {'line': b'KeyboardInterrupt\n'}
[1.292991] (mavlink) StderrLine: {'line': b'KeyboardInterrupt\n'}
[1.293320] (mavros_msgs) CommandEnded: {'returncode': -2}
[1.299378] (mavros_msgs) StderrLine: {'line': b'Traceback (most recent call last):\n  File "/usr/lib/python3/dist-packages/colcon_parallel_executor/executor/parallel.py", line 75, in execute\n    loop.run_until_complete(future)\n  File "/usr/lib/python3.8/asyncio/base_events.py", line 603, in run_until_complete\n    self.run_forever()\n  File "/usr/lib/python3.8/asyncio/base_events.py", line 570, in run_forever\n    self._run_once()\n  File "/usr/lib/python3.8/asyncio/base_events.py", line 1823, in _run_once\n    event_list = self._selector.select(timeout)\n  File "/usr/lib/python3.8/selectors.py", line 468, in select\n    fd_event_list = self._selector.poll(timeout, max_ev)\nKeyboardInterrupt\n\nDuring handling of the above exception, another exception occurred:\n\nTraceback (most recent call last):\n  File "/usr/lib/python3/dist-packages/colcon_core/executor/__init__.py", line 91, in __call__\n    rc = await self.task(*args, **kwargs)\n  File "/usr/lib/python3/dist-packages/colcon_core/task/__init__.py", line 93, in __call__\n    return await task_method(*args, **kwargs)\n  File "/usr/lib/python3/dist-packages/colcon_ros/task/ament_cmake/build.py", line 59, in build\n    rc = await extension.build(\n  File "/usr/lib/python3/dist-packages/colcon_cmake/task/cmake/build.py", line 87, in build\n    rc = await self._reconfigure(args, env)\n  File "/usr/lib/python3/dist-packages/colcon_cmake/task/cmake/build.py", line 182, in _reconfigure\n    buildfile = get_buildfile(cmake_cache)\n  File "/usr/lib/python3/dist-packages/colcon_cmake/task/cmake/__init__.py", line 114, in get_buildfile\n    if \'Visual Studio\' in generator:\nTypeError: argument of type \'NoneType\' is not iterable\n'}
[1.300258] (mavros_msgs) JobEnded: {'identifier': 'mavros_msgs', 'rc': 'SIGINT'}
[1.304362] (mavlink) StderrLine: {'line': b'make[2]: *** [CMakeFiles/matrixpilot.xml-v2.0.dir/build.make:63: matrixpilot-v2.0-cxx-stamp] Interrupt\n'}
[1.305180] (mavlink) StderrLine: {'line': b'make[1]: *** [CMakeFiles/Makefile2:930: CMakeFiles/matrixpilot.xml-v2.0.dir/all] Interrupt\n'}
[1.308110] (mavlink) StderrLine: {'line': b'make[2]: *** [CMakeFiles/development.xml-v2.0.dir/build.make:63: development-v2.0-cxx-stamp] Interrupt\n'}
[1.309136] (mavlink) StderrLine: {'line': b'make[1]: *** [CMakeFiles/Makefile2:903: CMakeFiles/development.xml-v2.0.dir/all] Interrupt\n'}
[1.309751] (mavlink) StderrLine: {'line': b'make: *** [Makefile:118: all] Interrupt\n'}
[1.310065] (-) TimerEvent: {}
[1.316384] (mavlink) JobEnded: {'identifier': 'mavlink', 'rc': 'SIGINT'}
[1.328468] (libmavconn) JobSkipped: {'identifier': 'libmavconn'}
[1.328811] (mavros) JobSkipped: {'identifier': 'mavros'}
[1.329036] (mavros_extras) JobSkipped: {'identifier': 'mavros_extras'}
[1.329134] (-) EventReactorShutdown: {}
