[0.076s] Invoking command in '/home/lowlevel/mavros2_ws/build/mavros_msgs': CMAKE_PREFIX_PATH=/opt/ros/foxy /usr/bin/cmake /home/lowlevel/mavros2_ws/src/mavros/mavros_msgs -DCMAKE_INSTALL_PREFIX=/home/lowlevel/mavros2_ws/install/mavros_msgs
[0.338s] -- The C compiler identification is GNU 9.4.0
[0.577s] -- The CXX compiler identification is GNU 9.4.0
[0.595s] -- Check for working C compiler: /usr/bin/cc
[0.899s] -- Check for working C compiler: /usr/bin/cc -- works
[0.904s] -- Detecting C compiler ABI info
[1.202s] -- Detecting C compiler ABI info - done
[1.244s] -- Detecting C compile features
[1.244s] -- Detecting C compile features - done
[1.267s] -- Check for working CXX compiler: /usr/bin/c++
[1.812s] -- Check for working CXX compiler: /usr/bin/c++ -- works
[1.817s] -- Detecting CXX compiler ABI info
[2.452s] -- Detecting CXX compiler ABI info - done
[2.527s] -- Detecting CXX compile features
[2.528s] -- Detecting CXX compile features - done
[2.549s] -- Found ament_cmake: 0.9.12 (/opt/ros/foxy/share/ament_cmake/cmake)
[2.644s] -- Found PythonInterp: /usr/bin/python3 (found suitable version "3.8.10", minimum required is "3") 
[2.644s] -- Using PYTHON_EXECUTABLE: /usr/bin/python3
[3.869s] -- Found rosidl_default_generators: 1.0.1 (/opt/ros/foxy/share/rosidl_default_generators/cmake)
[3.880s] -- Using all available rosidl_typesupport_c: rosidl_typesupport_fastrtps_c;rosidl_typesupport_introspection_c
[3.906s] -- Found rosidl_adapter: 1.3.1 (/opt/ros/foxy/share/rosidl_adapter/cmake)
[4.539s] -- Found OpenSSL: /usr/lib/aarch64-linux-gnu/libcrypto.so (found version "1.1.1f")  
[4.713s] -- Found FastRTPS: /opt/ros/foxy/include  
[5.088s] -- Using all available rosidl_typesupport_cpp: rosidl_typesupport_fastrtps_cpp;rosidl_typesupport_introspection_cpp
[5.209s] -- Found builtin_interfaces: 1.0.0 (/opt/ros/foxy/share/builtin_interfaces/cmake)
[5.258s] -- Found rcl_interfaces: 1.0.0 (/opt/ros/foxy/share/rcl_interfaces/cmake)
[5.317s] -- Found geographic_msgs: 1.0.4 (/opt/ros/foxy/share/geographic_msgs/cmake)
[5.992s] -- Found sensor_msgs: 2.0.5 (/opt/ros/foxy/share/sensor_msgs/cmake)
[6.451s] -- Found PythonInterp: /usr/bin/python3 (found version "3.8.10") 
[11.564s] -- Found ament_cmake_ros: 0.9.2 (/opt/ros/foxy/share/ament_cmake_ros/cmake)
[13.907s] -- Using all available rosidl_typesupport_c: rosidl_typesupport_fastrtps_c;rosidl_typesupport_introspection_c
[14.441s] Invoked command in '/home/lowlevel/mavros2_ws/build/mavros_msgs' returned '-2': CMAKE_PREFIX_PATH=/opt/ros/foxy /usr/bin/cmake /home/lowlevel/mavros2_ws/src/mavros/mavros_msgs -DCMAKE_INSTALL_PREFIX=/home/lowlevel/mavros2_ws/install/mavros_msgs
[14.444s] Traceback (most recent call last):
  File "/usr/lib/python3/dist-packages/colcon_parallel_executor/executor/parallel.py", line 75, in execute
    loop.run_until_complete(future)
  File "/usr/lib/python3.8/asyncio/base_events.py", line 603, in run_until_complete
    self.run_forever()
  File "/usr/lib/python3.8/asyncio/base_events.py", line 570, in run_forever
    self._run_once()
  File "/usr/lib/python3.8/asyncio/base_events.py", line 1823, in _run_once
    event_list = self._selector.select(timeout)
  File "/usr/lib/python3.8/selectors.py", line 468, in select
    fd_event_list = self._selector.poll(timeout, max_ev)
KeyboardInterrupt

During handling of the above exception, another exception occurred:

Traceback (most recent call last):
  File "/usr/lib/python3/dist-packages/colcon_core/executor/__init__.py", line 91, in __call__
    rc = await self.task(*args, **kwargs)
  File "/usr/lib/python3/dist-packages/colcon_core/task/__init__.py", line 93, in __call__
    return await task_method(*args, **kwargs)
  File "/usr/lib/python3/dist-packages/colcon_ros/task/ament_cmake/build.py", line 59, in build
    rc = await extension.build(
  File "/usr/lib/python3/dist-packages/colcon_cmake/task/cmake/build.py", line 87, in build
    rc = await self._reconfigure(args, env)
  File "/usr/lib/python3/dist-packages/colcon_cmake/task/cmake/build.py", line 182, in _reconfigure
    buildfile = get_buildfile(cmake_cache)
  File "/usr/lib/python3/dist-packages/colcon_cmake/task/cmake/__init__.py", line 114, in get_buildfile
    if 'Visual Studio' in generator:
TypeError: argument of type 'NoneType' is not iterable
